[0.328s] Invoking command in '/home/abd3194/ros2_ws/src/voice_controlled_robot': PYTHONPATH=/home/abd3194/ros2_ws/build/voice_controlled_robot/prefix_override:/usr/lib/python3/dist-packages/colcon_core/task/python/colcon_distutils_commands:/home/abd3194/ros2_ws/install/voice_controlled_robot/lib/python3.10/site-packages:${PYTHONPATH} /usr/bin/python3 -W ignore:setup.py install is deprecated setup.py egg_info --egg-base ../../build/voice_controlled_robot build --build-base /home/abd3194/ros2_ws/build/voice_controlled_robot/build install --record /home/abd3194/ros2_ws/build/voice_controlled_robot/install.log --single-version-externally-managed install_data
[0.452s] running egg_info
[0.452s] creating ../../build/voice_controlled_robot/voice_controlled_robot.egg-info
[0.452s] writing ../../build/voice_controlled_robot/voice_controlled_robot.egg-info/PKG-INFO
[0.452s] writing dependency_links to ../../build/voice_controlled_robot/voice_controlled_robot.egg-info/dependency_links.txt
[0.452s] writing entry points to ../../build/voice_controlled_robot/voice_controlled_robot.egg-info/entry_points.txt
[0.452s] writing requirements to ../../build/voice_controlled_robot/voice_controlled_robot.egg-info/requires.txt
[0.452s] writing top-level names to ../../build/voice_controlled_robot/voice_controlled_robot.egg-info/top_level.txt
[0.453s] writing manifest file '../../build/voice_controlled_robot/voice_controlled_robot.egg-info/SOURCES.txt'
[0.454s] reading manifest file '../../build/voice_controlled_robot/voice_controlled_robot.egg-info/SOURCES.txt'
[0.454s] writing manifest file '../../build/voice_controlled_robot/voice_controlled_robot.egg-info/SOURCES.txt'
[0.454s] running build
[0.454s] running build_py
[0.454s] creating /home/abd3194/ros2_ws/build/voice_controlled_robot/build
[0.454s] creating /home/abd3194/ros2_ws/build/voice_controlled_robot/build/lib
[0.454s] creating /home/abd3194/ros2_ws/build/voice_controlled_robot/build/lib/voice_controlled_robot
[0.454s] copying voice_controlled_robot/__init__.py -> /home/abd3194/ros2_ws/build/voice_controlled_robot/build/lib/voice_controlled_robot
[0.454s] copying voice_controlled_robot/Nodes.py -> /home/abd3194/ros2_ws/build/voice_controlled_robot/build/lib/voice_controlled_robot
[0.454s] running install
[0.454s] running install_lib
[0.455s] creating /home/abd3194/ros2_ws/install/voice_controlled_robot/lib/python3.10/site-packages/voice_controlled_robot
[0.455s] copying /home/abd3194/ros2_ws/build/voice_controlled_robot/build/lib/voice_controlled_robot/__init__.py -> /home/abd3194/ros2_ws/install/voice_controlled_robot/lib/python3.10/site-packages/voice_controlled_robot
[0.455s] copying /home/abd3194/ros2_ws/build/voice_controlled_robot/build/lib/voice_controlled_robot/Nodes.py -> /home/abd3194/ros2_ws/install/voice_controlled_robot/lib/python3.10/site-packages/voice_controlled_robot
[0.455s] byte-compiling /home/abd3194/ros2_ws/install/voice_controlled_robot/lib/python3.10/site-packages/voice_controlled_robot/__init__.py to __init__.cpython-310.pyc
[0.455s] byte-compiling /home/abd3194/ros2_ws/install/voice_controlled_robot/lib/python3.10/site-packages/voice_controlled_robot/Nodes.py to Nodes.cpython-310.pyc
[0.456s]   File "/home/abd3194/ros2_ws/install/voice_controlled_robot/lib/python3.10/site-packages/voice_controlled_robot/Nodes.py", line 119
[0.456s]     def main(args=none)
[0.456s]                        ^
[0.456s] SyntaxError: expected ':'
[0.456s] 
[0.457s] running install_data
[0.457s] creating /home/abd3194/ros2_ws/install/voice_controlled_robot/share/ament_index
[0.457s] creating /home/abd3194/ros2_ws/install/voice_controlled_robot/share/ament_index/resource_index
[0.457s] creating /home/abd3194/ros2_ws/install/voice_controlled_robot/share/ament_index/resource_index/packages
[0.457s] copying resource/voice_controlled_robot -> /home/abd3194/ros2_ws/install/voice_controlled_robot/share/ament_index/resource_index/packages
[0.457s] copying package.xml -> /home/abd3194/ros2_ws/install/voice_controlled_robot/share/voice_controlled_robot
[0.457s] running install_egg_info
[0.458s] Copying ../../build/voice_controlled_robot/voice_controlled_robot.egg-info to /home/abd3194/ros2_ws/install/voice_controlled_robot/lib/python3.10/site-packages/voice_controlled_robot-0.0.0-py3.10.egg-info
[0.458s] running install_scripts
[0.470s] Installing control script to /home/abd3194/ros2_ws/install/voice_controlled_robot/lib/voice_controlled_robot
[0.470s] writing list of installed files to '/home/abd3194/ros2_ws/build/voice_controlled_robot/install.log'
[0.483s] Invoked command in '/home/abd3194/ros2_ws/src/voice_controlled_robot' returned '0': PYTHONPATH=/home/abd3194/ros2_ws/build/voice_controlled_robot/prefix_override:/usr/lib/python3/dist-packages/colcon_core/task/python/colcon_distutils_commands:/home/abd3194/ros2_ws/install/voice_controlled_robot/lib/python3.10/site-packages:${PYTHONPATH} /usr/bin/python3 -W ignore:setup.py install is deprecated setup.py egg_info --egg-base ../../build/voice_controlled_robot build --build-base /home/abd3194/ros2_ws/build/voice_controlled_robot/build install --record /home/abd3194/ros2_ws/build/voice_controlled_robot/install.log --single-version-externally-managed install_data
