[0.319s] Invoking command in '/home/abd3194/ros2_ws/src/voice_controlled_robot': PYTHONPATH=/home/abd3194/ros2_ws/build/voice_controlled_robot/prefix_override:/usr/lib/python3/dist-packages/colcon_core/task/python/colcon_distutils_commands:/home/abd3194/ros2_ws/install/voice_controlled_robot/lib/python3.10/site-packages:${PYTHONPATH} /usr/bin/python3 -W ignore:setup.py install is deprecated setup.py egg_info --egg-base ../../build/voice_controlled_robot build --build-base /home/abd3194/ros2_ws/build/voice_controlled_robot/build install --record /home/abd3194/ros2_ws/build/voice_controlled_robot/install.log --single-version-externally-managed install_data
[0.441s] running egg_info
[0.441s] writing ../../build/voice_controlled_robot/voice_controlled_robot.egg-info/PKG-INFO
[0.441s] writing dependency_links to ../../build/voice_controlled_robot/voice_controlled_robot.egg-info/dependency_links.txt
[0.441s] writing entry points to ../../build/voice_controlled_robot/voice_controlled_robot.egg-info/entry_points.txt
[0.441s] writing requirements to ../../build/voice_controlled_robot/voice_controlled_robot.egg-info/requires.txt
[0.441s] writing top-level names to ../../build/voice_controlled_robot/voice_controlled_robot.egg-info/top_level.txt
[0.443s] reading manifest file '../../build/voice_controlled_robot/voice_controlled_robot.egg-info/SOURCES.txt'
[0.443s] writing manifest file '../../build/voice_controlled_robot/voice_controlled_robot.egg-info/SOURCES.txt'
[0.443s] running build
[0.443s] running build_py
[0.443s] running install
[0.443s] running install_lib
[0.444s] running install_data
[0.444s] running install_egg_info
[0.446s] removing '/home/abd3194/ros2_ws/install/voice_controlled_robot/lib/python3.10/site-packages/voice_controlled_robot-0.0.0-py3.10.egg-info' (and everything under it)
[0.446s] Copying ../../build/voice_controlled_robot/voice_controlled_robot.egg-info to /home/abd3194/ros2_ws/install/voice_controlled_robot/lib/python3.10/site-packages/voice_controlled_robot-0.0.0-py3.10.egg-info
[0.446s] running install_scripts
[0.459s] Installing control script to /home/abd3194/ros2_ws/install/voice_controlled_robot/lib/voice_controlled_robot
[0.459s] writing list of installed files to '/home/abd3194/ros2_ws/build/voice_controlled_robot/install.log'
[0.481s] Invoked command in '/home/abd3194/ros2_ws/src/voice_controlled_robot' returned '0': PYTHONPATH=/home/abd3194/ros2_ws/build/voice_controlled_robot/prefix_override:/usr/lib/python3/dist-packages/colcon_core/task/python/colcon_distutils_commands:/home/abd3194/ros2_ws/install/voice_controlled_robot/lib/python3.10/site-packages:${PYTHONPATH} /usr/bin/python3 -W ignore:setup.py install is deprecated setup.py egg_info --egg-base ../../build/voice_controlled_robot build --build-base /home/abd3194/ros2_ws/build/voice_controlled_robot/build install --record /home/abd3194/ros2_ws/build/voice_controlled_robot/install.log --single-version-externally-managed install_data
