[0.086s] DEBUG:colcon:Command line arguments: ['/usr/bin/colcon', 'list', '-p', '--base-paths', '/home/abd3194/ros2_ws']
[0.086s] DEBUG:colcon:Parsed command line arguments: Namespace(log_base=None, log_level=None, verb_name='list', build_base='build', ignore_user_meta=False, metas=['./colcon.meta'], base_paths=['/home/abd3194/ros2_ws'], packages_ignore=None, packages_ignore_regex=None, paths=None, packages_up_to=None, packages_up_to_regex=None, packages_above=None, packages_above_and_dependencies=None, packages_above_depth=None, packages_select_by_dep=None, packages_skip_by_dep=None, packages_skip_up_to=None, packages_select_build_failed=False, packages_skip_build_finished=False, packages_select_test_failures=False, packages_skip_test_passed=False, packages_select=None, packages_skip=None, packages_select_regex=None, packages_skip_regex=None, packages_start=None, packages_end=None, allow_overriding=[], topological_order=False, names_only=False, paths_only=True, topological_graph=False, topological_graph_dot=False, topological_graph_density=False, topological_graph_legend=False, topological_graph_dot_cluster=False, topological_graph_dot_include_skipped=False, verb_parser=<colcon_defaults.argument_parser.defaults.DefaultArgumentsDecorator object at 0x7f80e6317c10>, verb_extension=<colcon_package_information.verb.list.ListVerb object at 0x7f80e6316d70>, main=<bound method ListVerb.main of <colcon_package_information.verb.list.ListVerb object at 0x7f80e6316d70>>)
[0.238s] Level 1:colcon.colcon_core.package_discovery:discover_packages(colcon_meta) check parameters
[0.238s] Level 1:colcon.colcon_core.package_discovery:discover_packages(recursive) check parameters
[0.238s] Level 1:colcon.colcon_core.package_discovery:discover_packages(ignore) check parameters
[0.238s] Level 1:colcon.colcon_core.package_discovery:discover_packages(path) check parameters
[0.238s] Level 1:colcon.colcon_core.package_discovery:discover_packages(recursive) discover
[0.239s] INFO:colcon.colcon_core.package_discovery:Crawling recursively for packages in '/home/abd3194/ros2_ws'
[0.239s] Level 1:colcon.colcon_core.package_identification:_identify(/home/abd3194/ros2_ws) by extensions ['ignore', 'ignore_ament_install']
[0.239s] Level 1:colcon.colcon_core.package_identification:_identify(/home/abd3194/ros2_ws) by extension 'ignore'
[0.239s] Level 1:colcon.colcon_core.package_identification:_identify(/home/abd3194/ros2_ws) by extension 'ignore_ament_install'
[0.239s] Level 1:colcon.colcon_core.package_identification:_identify(/home/abd3194/ros2_ws) by extensions ['colcon_pkg']
[0.239s] Level 1:colcon.colcon_core.package_identification:_identify(/home/abd3194/ros2_ws) by extension 'colcon_pkg'
[0.239s] Level 1:colcon.colcon_core.package_identification:_identify(/home/abd3194/ros2_ws) by extensions ['colcon_meta']
[0.239s] Level 1:colcon.colcon_core.package_identification:_identify(/home/abd3194/ros2_ws) by extension 'colcon_meta'
[0.239s] Level 1:colcon.colcon_core.package_identification:_identify(/home/abd3194/ros2_ws) by extensions ['ros']
[0.239s] Level 1:colcon.colcon_core.package_identification:_identify(/home/abd3194/ros2_ws) by extension 'ros'
[0.247s] Level 1:colcon.colcon_core.package_identification:_identify(/home/abd3194/ros2_ws) by extensions ['cmake', 'python']
[0.247s] Level 1:colcon.colcon_core.package_identification:_identify(/home/abd3194/ros2_ws) by extension 'cmake'
[0.247s] Level 1:colcon.colcon_core.package_identification:_identify(/home/abd3194/ros2_ws) by extension 'python'
[0.247s] Level 1:colcon.colcon_core.package_identification:_identify(/home/abd3194/ros2_ws) by extensions ['python_setup_py']
[0.247s] Level 1:colcon.colcon_core.package_identification:_identify(/home/abd3194/ros2_ws) by extension 'python_setup_py'
[0.247s] Level 1:colcon.colcon_core.package_identification:_identify(/home/abd3194/ros2_ws/log) by extensions ['ignore', 'ignore_ament_install']
[0.247s] Level 1:colcon.colcon_core.package_identification:_identify(/home/abd3194/ros2_ws/log) by extension 'ignore'
[0.247s] Level 1:colcon.colcon_core.package_identification:_identify(/home/abd3194/ros2_ws/log) ignored
[0.247s] Level 1:colcon.colcon_core.package_identification:_identify(/home/abd3194/ros2_ws/src) by extensions ['ignore', 'ignore_ament_install']
[0.247s] Level 1:colcon.colcon_core.package_identification:_identify(/home/abd3194/ros2_ws/src) by extension 'ignore'
[0.247s] Level 1:colcon.colcon_core.package_identification:_identify(/home/abd3194/ros2_ws/src) by extension 'ignore_ament_install'
[0.247s] Level 1:colcon.colcon_core.package_identification:_identify(/home/abd3194/ros2_ws/src) by extensions ['colcon_pkg']
[0.247s] Level 1:colcon.colcon_core.package_identification:_identify(/home/abd3194/ros2_ws/src) by extension 'colcon_pkg'
[0.247s] Level 1:colcon.colcon_core.package_identification:_identify(/home/abd3194/ros2_ws/src) by extensions ['colcon_meta']
[0.247s] Level 1:colcon.colcon_core.package_identification:_identify(/home/abd3194/ros2_ws/src) by extension 'colcon_meta'
[0.247s] Level 1:colcon.colcon_core.package_identification:_identify(/home/abd3194/ros2_ws/src) by extensions ['ros']
[0.247s] Level 1:colcon.colcon_core.package_identification:_identify(/home/abd3194/ros2_ws/src) by extension 'ros'
[0.248s] Level 1:colcon.colcon_core.package_identification:_identify(/home/abd3194/ros2_ws/src) by extensions ['cmake', 'python']
[0.248s] Level 1:colcon.colcon_core.package_identification:_identify(/home/abd3194/ros2_ws/src) by extension 'cmake'
[0.248s] Level 1:colcon.colcon_core.package_identification:_identify(/home/abd3194/ros2_ws/src) by extension 'python'
[0.248s] Level 1:colcon.colcon_core.package_identification:_identify(/home/abd3194/ros2_ws/src) by extensions ['python_setup_py']
[0.248s] Level 1:colcon.colcon_core.package_identification:_identify(/home/abd3194/ros2_ws/src) by extension 'python_setup_py'
[0.248s] Level 1:colcon.colcon_core.package_identification:_identify(/home/abd3194/ros2_ws/src/voice_controlled_robot) by extensions ['ignore', 'ignore_ament_install']
[0.248s] Level 1:colcon.colcon_core.package_identification:_identify(/home/abd3194/ros2_ws/src/voice_controlled_robot) by extension 'ignore'
[0.248s] Level 1:colcon.colcon_core.package_identification:_identify(/home/abd3194/ros2_ws/src/voice_controlled_robot) by extension 'ignore_ament_install'
[0.248s] Level 1:colcon.colcon_core.package_identification:_identify(/home/abd3194/ros2_ws/src/voice_controlled_robot) by extensions ['colcon_pkg']
[0.248s] Level 1:colcon.colcon_core.package_identification:_identify(/home/abd3194/ros2_ws/src/voice_controlled_robot) by extension 'colcon_pkg'
[0.248s] Level 1:colcon.colcon_core.package_identification:_identify(/home/abd3194/ros2_ws/src/voice_controlled_robot) by extensions ['colcon_meta']
[0.248s] Level 1:colcon.colcon_core.package_identification:_identify(/home/abd3194/ros2_ws/src/voice_controlled_robot) by extension 'colcon_meta'
[0.248s] Level 1:colcon.colcon_core.package_identification:_identify(/home/abd3194/ros2_ws/src/voice_controlled_robot) by extensions ['ros']
[0.248s] Level 1:colcon.colcon_core.package_identification:_identify(/home/abd3194/ros2_ws/src/voice_controlled_robot) by extension 'ros'
[0.250s] DEBUG:colcon.colcon_core.package_identification:Package '/home/abd3194/ros2_ws/src/voice_controlled_robot' with type 'ros.ament_python' and name 'voice_controlled_robot'
[0.250s] Level 1:colcon.colcon_core.package_discovery:discover_packages(recursive) using defaults
