/home/abd3194/ros2_ws/install/voice_controlled_robot/lib/python3.10/site-packages/voice_controlled_robot/ControlNode.py
/home/abd3194/ros2_ws/install/voice_controlled_robot/lib/python3.10/site-packages/voice_controlled_robot/__init__.py
/home/abd3194/ros2_ws/install/voice_controlled_robot/lib/python3.10/site-packages/voice_controlled_robot/SpeechNode.py
/home/abd3194/ros2_ws/install/voice_controlled_robot/lib/python3.10/site-packages/voice_controlled_robot/EnergyNode.py
/home/abd3194/ros2_ws/install/voice_controlled_robot/lib/python3.10/site-packages/voice_controlled_robot/__pycache__/ControlNode.cpython-310.pyc
/home/abd3194/ros2_ws/install/voice_controlled_robot/lib/python3.10/site-packages/voice_controlled_robot/__pycache__/__init__.cpython-310.pyc
/home/abd3194/ros2_ws/install/voice_controlled_robot/lib/python3.10/site-packages/voice_controlled_robot/__pycache__/SpeechNode.cpython-310.pyc
/home/abd3194/ros2_ws/install/voice_controlled_robot/lib/python3.10/site-packages/voice_controlled_robot/__pycache__/EnergyNode.cpython-310.pyc
/home/abd3194/ros2_ws/install/voice_controlled_robot/share/ament_index/resource_index/packages/voice_controlled_robot
/home/abd3194/ros2_ws/install/voice_controlled_robot/share/voice_controlled_robot/package.xml
/home/abd3194/ros2_ws/install/voice_controlled_robot/lib/python3.10/site-packages/voice_controlled_robot-0.0.0-py3.10.egg-info/zip-safe
/home/abd3194/ros2_ws/install/voice_controlled_robot/lib/python3.10/site-packages/voice_controlled_robot-0.0.0-py3.10.egg-info/top_level.txt
/home/abd3194/ros2_ws/install/voice_controlled_robot/lib/python3.10/site-packages/voice_controlled_robot-0.0.0-py3.10.egg-info/PKG-INFO
/home/abd3194/ros2_ws/install/voice_controlled_robot/lib/python3.10/site-packages/voice_controlled_robot-0.0.0-py3.10.egg-info/requires.txt
/home/abd3194/ros2_ws/install/voice_controlled_robot/lib/python3.10/site-packages/voice_controlled_robot-0.0.0-py3.10.egg-info/dependency_links.txt
/home/abd3194/ros2_ws/install/voice_controlled_robot/lib/python3.10/site-packages/voice_controlled_robot-0.0.0-py3.10.egg-info/SOURCES.txt
/home/abd3194/ros2_ws/install/voice_controlled_robot/lib/python3.10/site-packages/voice_controlled_robot-0.0.0-py3.10.egg-info/entry_points.txt
/home/abd3194/ros2_ws/install/voice_controlled_robot/lib/voice_controlled_robot/control
/home/abd3194/ros2_ws/install/voice_controlled_robot/lib/voice_controlled_robot/energy
/home/abd3194/ros2_ws/install/voice_controlled_robot/lib/voice_controlled_robot/speak
