[0.298s] Invoking command in '/home/abd3194/ros2_ws/src/voice_controlled_robot': PYTHONPATH=/home/abd3194/ros2_ws/build/voice_controlled_robot/prefix_override:/usr/lib/python3/dist-packages/colcon_core/task/python/colcon_distutils_commands:/home/abd3194/ros2_ws/install/voice_controlled_robot/lib/python3.10/site-packages:${PYTHONPATH} /usr/bin/python3 -W ignore:setup.py install is deprecated setup.py egg_info --egg-base ../../build/voice_controlled_robot build --build-base /home/abd3194/ros2_ws/build/voice_controlled_robot/build install --record /home/abd3194/ros2_ws/build/voice_controlled_robot/install.log --single-version-externally-managed install_data
[0.415s] running egg_info
[0.415s] writing ../../build/voice_controlled_robot/voice_controlled_robot.egg-info/PKG-INFO
[0.415s] writing dependency_links to ../../build/voice_controlled_robot/voice_controlled_robot.egg-info/dependency_links.txt
[0.415s] writing entry points to ../../build/voice_controlled_robot/voice_controlled_robot.egg-info/entry_points.txt
[0.415s] writing requirements to ../../build/voice_controlled_robot/voice_controlled_robot.egg-info/requires.txt
[0.416s] writing top-level names to ../../build/voice_controlled_robot/voice_controlled_robot.egg-info/top_level.txt
[0.417s] reading manifest file '../../build/voice_controlled_robot/voice_controlled_robot.egg-info/SOURCES.txt'
[0.417s] writing manifest file '../../build/voice_controlled_robot/voice_controlled_robot.egg-info/SOURCES.txt'
[0.417s] running build
[0.417s] running build_py
[0.418s] copying voice_controlled_robot/Nodes.py -> /home/abd3194/ros2_ws/build/voice_controlled_robot/build/lib/voice_controlled_robot
[0.418s] running install
[0.418s] running install_lib
[0.418s] copying /home/abd3194/ros2_ws/build/voice_controlled_robot/build/lib/voice_controlled_robot/Nodes.py -> /home/abd3194/ros2_ws/install/voice_controlled_robot/lib/python3.10/site-packages/voice_controlled_robot
[0.418s] byte-compiling /home/abd3194/ros2_ws/install/voice_controlled_robot/lib/python3.10/site-packages/voice_controlled_robot/Nodes.py to Nodes.cpython-310.pyc
[0.420s] running install_data
[0.420s] copying package.xml -> /home/abd3194/ros2_ws/install/voice_controlled_robot/share/voice_controlled_robot
[0.420s] running install_egg_info
[0.420s] removing '/home/abd3194/ros2_ws/install/voice_controlled_robot/lib/python3.10/site-packages/voice_controlled_robot-0.0.0-py3.10.egg-info' (and everything under it)
[0.420s] Copying ../../build/voice_controlled_robot/voice_controlled_robot.egg-info to /home/abd3194/ros2_ws/install/voice_controlled_robot/lib/python3.10/site-packages/voice_controlled_robot-0.0.0-py3.10.egg-info
[0.420s] running install_scripts
[0.432s] Installing control script to /home/abd3194/ros2_ws/install/voice_controlled_robot/lib/voice_controlled_robot
[0.432s] writing list of installed files to '/home/abd3194/ros2_ws/build/voice_controlled_robot/install.log'
[0.445s] Invoked command in '/home/abd3194/ros2_ws/src/voice_controlled_robot' returned '0': PYTHONPATH=/home/abd3194/ros2_ws/build/voice_controlled_robot/prefix_override:/usr/lib/python3/dist-packages/colcon_core/task/python/colcon_distutils_commands:/home/abd3194/ros2_ws/install/voice_controlled_robot/lib/python3.10/site-packages:${PYTHONPATH} /usr/bin/python3 -W ignore:setup.py install is deprecated setup.py egg_info --egg-base ../../build/voice_controlled_robot build --build-base /home/abd3194/ros2_ws/build/voice_controlled_robot/build install --record /home/abd3194/ros2_ws/build/voice_controlled_robot/install.log --single-version-externally-managed install_data
